treasurebox/build/app/intermediates/manifest_merge_blame_file/release/manifest-merger-blame-release-report.txt
1<?xml version="1.0" encoding="utf-8"?>
2<manifest xmlns:android="http://schemas.android.com/apk/res/android"
3    package="com.example.treasurebox"
4    android:versionCode="1"
5    android:versionName="1.0.0" >
6
7    <uses-sdk
8        android:minSdkVersion="19"
8-->src/main/AndroidManifest.xml
9        android:targetSdkVersion="31" />
9-->src/main/AndroidManifest.xml
10
11    <uses-permission android:name="android.permission.ACCESS_COARSE_LOCATION" />
11-->src/main/AndroidManifest.xml:37:5-80
11-->src/main/AndroidManifest.xml:37:22-78
12    <uses-permission android:name="android.permission.ACCESS_FINE_LOCATION" />
12-->src/main/AndroidManifest.xml:38:5-78
12-->src/main/AndroidManifest.xml:38:22-76
13    <uses-permission android:name="android.permission.FOREGROUND_SERVICE" />
13-->[:geolocator_android] AndroidManifest.xml:7:5-77
13-->[:geolocator_android] AndroidManifest.xml:7:22-74
14
15    <queries>
15-->[:kakao_flutter_sdk_common] AndroidManifest.xml:7:5-20:15
16        <package android:name="com.kakao.talk" />
16-->[:kakao_flutter_sdk_common] AndroidManifest.xml:8:9-50
16-->[:kakao_flutter_sdk_common] AndroidManifest.xml:8:18-47
17        <package android:name="com.kakao.onetalk" />
17-->[:kakao_flutter_sdk_common] AndroidManifest.xml:9:9-53
17-->[:kakao_flutter_sdk_common] AndroidManifest.xml:9:18-50
18        <package android:name="com.locnall.KimGiSa" />
18-->[:kakao_flutter_sdk_common] AndroidManifest.xml:10:9-55
18-->[:kakao_flutter_sdk_common] AndroidManifest.xml:10:18-52
19        <package android:name="com.lguplus.navi" />
19-->[:kakao_flutter_sdk_common] AndroidManifest.xml:11:9-52
19-->[:kakao_flutter_sdk_common] AndroidManifest.xml:11:18-49
20
21        <intent>
21-->[:kakao_flutter_sdk_common] AndroidManifest.xml:13:9-19:18
22            <action android:name="android.intent.action.VIEW" />
22-->[:kakao_flutter_sdk_common] AndroidManifest.xml:14:13-65
22-->[:kakao_flutter_sdk_common] AndroidManifest.xml:14:21-62
23
24            <category android:name="android.intent.category.BROWSABLE" />
24-->[:kakao_flutter_sdk_common] AndroidManifest.xml:16:13-74
24-->[:kakao_flutter_sdk_common] AndroidManifest.xml:16:23-71
25
26            <data android:scheme="https" />
26-->[:kakao_flutter_sdk_common] AndroidManifest.xml:18:13-44
26-->[:kakao_flutter_sdk_common] AndroidManifest.xml:18:19-41
27        </intent>
28    </queries>
29
30    <uses-permission android:name="android.permission.INTERNET" />
30-->[:google_sign_in_android] AndroidManifest.xml:7:5-67
30-->[:google_sign_in_android] AndroidManifest.xml:7:22-64
31
32    <uses-feature
32-->[com.naver.maps:map-sdk:3.12.0] AndroidManifest.xml:9:5-11:35
33        android:glEsVersion="0x00020000"
33-->[com.naver.maps:map-sdk:3.12.0] AndroidManifest.xml:10:9-41
34        android:required="true" />
34-->[com.naver.maps:map-sdk:3.12.0] AndroidManifest.xml:11:9-32
35    <uses-feature
35-->[com.naver.maps:map-sdk:3.12.0] AndroidManifest.xml:12:5-14:36
36        android:name="android.hardware.wifi"
36-->[com.naver.maps:map-sdk:3.12.0] AndroidManifest.xml:13:9-45
37        android:required="false" />
37-->[com.naver.maps:map-sdk:3.12.0] AndroidManifest.xml:14:9-33
38
39    <uses-permission android:name="android.permission.ACCESS_NETWORK_STATE" />
39-->[com.naver.maps:map-sdk:3.12.0] AndroidManifest.xml:17:5-79
39-->[com.naver.maps:map-sdk:3.12.0] AndroidManifest.xml:17:22-76
40    <uses-permission android:name="android.permission.ACCESS_WIFI_STATE" />
40-->[com.naver.maps:map-sdk:3.12.0] AndroidManifest.xml:18:5-76
40-->[com.naver.maps:map-sdk:3.12.0] AndroidManifest.xml:18:22-73
41
42    <application
43        android:name="android.app.Application"
43-->src/main/AndroidManifest.xml:5:9-42
44        android:appComponentFactory="androidx.core.app.CoreComponentFactory"
44-->[androidx.core:core:1.9.0-alpha02] AndroidManifest.xml:24:18-86
45        android:icon="@mipmap/ic_launcher"
45-->src/main/AndroidManifest.xml:6:9-43
46        android:label="treasurebox" >
46-->src/main/AndroidManifest.xml:4:9-36
47        <activity
47-->src/main/AndroidManifest.xml:7:9-27:20
48            android:name="com.example.treasurebox.MainActivity"
48-->src/main/AndroidManifest.xml:8:13-41
49            android:configChanges="orientation|keyboardHidden|keyboard|screenSize|smallestScreenSize|locale|layoutDirection|fontScale|screenLayout|density|uiMode"
49-->src/main/AndroidManifest.xml:12:13-163
50            android:exported="true"
50-->src/main/AndroidManifest.xml:9:13-36
51            android:hardwareAccelerated="true"
51-->src/main/AndroidManifest.xml:13:13-47
52            android:launchMode="singleTop"
52-->src/main/AndroidManifest.xml:10:13-43
53            android:theme="@style/LaunchTheme"
53-->src/main/AndroidManifest.xml:11:13-47
54            android:windowSoftInputMode="adjustResize" >
54-->src/main/AndroidManifest.xml:14:13-55
55
56            <!--
57                 Specifies an Android theme to apply to this Activity as soon as
58                 the Android process has started. This theme is visible to the user
59                 while the Flutter UI initializes. After that, this theme continues
60                 to determine the Window background behind the Flutter UI.
61            -->
62            <meta-data
62-->src/main/AndroidManifest.xml:19:13-22:17
63                android:name="io.flutter.embedding.android.NormalTheme"
63-->src/main/AndroidManifest.xml:20:15-70
64                android:resource="@style/NormalTheme" />
64-->src/main/AndroidManifest.xml:21:15-52
65
66            <intent-filter>
66-->src/main/AndroidManifest.xml:23:13-26:29
67                <action android:name="android.intent.action.MAIN" />
67-->src/main/AndroidManifest.xml:24:17-68
67-->src/main/AndroidManifest.xml:24:25-66
68
69                <category android:name="android.intent.category.LAUNCHER" />
69-->src/main/AndroidManifest.xml:25:17-76
69-->src/main/AndroidManifest.xml:25:27-74
70            </intent-filter>
71        </activity>
72        <!--
73             Don't delete the meta-data below.
74             This is used by the Flutter tool to generate GeneratedPluginRegistrant.java
75        -->
76        <meta-data
76-->src/main/AndroidManifest.xml:30:9-32:33
77            android:name="flutterEmbedding"
77-->src/main/AndroidManifest.xml:31:13-44
78            android:value="2" />
78-->src/main/AndroidManifest.xml:32:13-30
79        <meta-data
79-->src/main/AndroidManifest.xml:33:8-35:41
80            android:name="com.naver.maps.map.CLIENT_ID"
80-->src/main/AndroidManifest.xml:34:12-55
81            android:value="vy0b6e92ja" />
81-->src/main/AndroidManifest.xml:35:12-38
82
83        <service
83-->[:geolocator_android] AndroidManifest.xml:10:9-14:56
84            android:name="com.baseflow.geolocator.GeolocatorLocationService"
84-->[:geolocator_android] AndroidManifest.xml:11:13-77
85            android:enabled="true"
85-->[:geolocator_android] AndroidManifest.xml:12:13-35
86            android:exported="false"
86-->[:geolocator_android] AndroidManifest.xml:13:13-37
87            android:foregroundServiceType="location" />
87-->[:geolocator_android] AndroidManifest.xml:14:13-53
88
89        <activity
89-->[:kakao_flutter_sdk_common] AndroidManifest.xml:23:9-27:56
90            android:name="com.kakao.sdk.flutter.TalkAuthCodeActivity"
90-->[:kakao_flutter_sdk_common] AndroidManifest.xml:24:13-70
91            android:exported="true"
91-->[:kakao_flutter_sdk_common] AndroidManifest.xml:25:13-36
92            android:launchMode="singleTask"
92-->[:kakao_flutter_sdk_common] AndroidManifest.xml:26:13-44
93            android:theme="@style/TransparentCompat" />
93-->[:kakao_flutter_sdk_common] AndroidManifest.xml:27:13-53
94        <activity
94-->[:kakao_flutter_sdk_common] AndroidManifest.xml:28:9-32:56
95            android:name="com.kakao.sdk.flutter.AuthCodeCustomTabsActivity"
95-->[:kakao_flutter_sdk_common] AndroidManifest.xml:29:13-76
96            android:exported="true"
96-->[:kakao_flutter_sdk_common] AndroidManifest.xml:30:13-36
97            android:launchMode="singleTask"
97-->[:kakao_flutter_sdk_common] AndroidManifest.xml:31:13-44
98            android:theme="@style/TransparentCompat" />
98-->[:kakao_flutter_sdk_common] AndroidManifest.xml:32:13-53
99
100        <uses-library
100-->[androidx.window:window:1.0.0-beta04] AndroidManifest.xml:25:9-27:40
101            android:name="androidx.window.extensions"
101-->[androidx.window:window:1.0.0-beta04] AndroidManifest.xml:26:13-54
102            android:required="false" />
102-->[androidx.window:window:1.0.0-beta04] AndroidManifest.xml:27:13-37
103        <uses-library
103-->[androidx.window:window:1.0.0-beta04] AndroidManifest.xml:28:9-30:40
104            android:name="androidx.window.sidecar"
104-->[androidx.window:window:1.0.0-beta04] AndroidManifest.xml:29:13-51
105            android:required="false" />
105-->[androidx.window:window:1.0.0-beta04] AndroidManifest.xml:30:13-37
106
107        <activity
107-->[com.naver.maps:map-sdk:3.12.0] AndroidManifest.xml:21:9-25:51
108            android:name="com.naver.maps.map.app.LegendActivity"
108-->[com.naver.maps:map-sdk:3.12.0] AndroidManifest.xml:22:13-65
109            android:configChanges="screenSize|smallestScreenSize|screenLayout|orientation"
109-->[com.naver.maps:map-sdk:3.12.0] AndroidManifest.xml:23:13-91
110            android:label="@string/navermap_legend"
110-->[com.naver.maps:map-sdk:3.12.0] AndroidManifest.xml:24:13-52
111            android:theme="@style/navermap_app" />
111-->[com.naver.maps:map-sdk:3.12.0] AndroidManifest.xml:25:13-48
112        <activity
112-->[com.naver.maps:map-sdk:3.12.0] AndroidManifest.xml:26:9-30:51
113            android:name="com.naver.maps.map.app.LegalNoticeActivity"
113-->[com.naver.maps:map-sdk:3.12.0] AndroidManifest.xml:27:13-70
114            android:configChanges="screenSize|smallestScreenSize|screenLayout|orientation"
114-->[com.naver.maps:map-sdk:3.12.0] AndroidManifest.xml:28:13-91
115            android:label="@string/navermap_legal_notice"
115-->[com.naver.maps:map-sdk:3.12.0] AndroidManifest.xml:29:13-58
116            android:theme="@style/navermap_app" />
116-->[com.naver.maps:map-sdk:3.12.0] AndroidManifest.xml:30:13-48
117        <activity
117-->[com.naver.maps:map-sdk:3.12.0] AndroidManifest.xml:31:9-35:51
118            android:name="com.naver.maps.map.app.OpenSourceLicenseActivity"
118-->[com.naver.maps:map-sdk:3.12.0] AndroidManifest.xml:32:13-76
119            android:configChanges="screenSize|smallestScreenSize|screenLayout|orientation"
119-->[com.naver.maps:map-sdk:3.12.0] AndroidManifest.xml:33:13-91
120            android:label="@string/navermap_open_source_license"
120-->[com.naver.maps:map-sdk:3.12.0] AndroidManifest.xml:34:13-65
121            android:theme="@style/navermap_app" />
121-->[com.naver.maps:map-sdk:3.12.0] AndroidManifest.xml:35:13-48
122        <activity
122-->[com.google.android.gms:play-services-auth:20.0.1] AndroidManifest.xml:23:9-27:75
123            android:name="com.google.android.gms.auth.api.signin.internal.SignInHubActivity"
123-->[com.google.android.gms:play-services-auth:20.0.1] AndroidManifest.xml:24:13-93
124            android:excludeFromRecents="true"
124-->[com.google.android.gms:play-services-auth:20.0.1] AndroidManifest.xml:25:13-46
125            android:exported="false"
125-->[com.google.android.gms:play-services-auth:20.0.1] AndroidManifest.xml:26:13-37
126            android:theme="@android:style/Theme.Translucent.NoTitleBar" />
126-->[com.google.android.gms:play-services-auth:20.0.1] AndroidManifest.xml:27:13-72
127        <!--
128            Service handling Google Sign-In user revocation. For apps that do not integrate with
129            Google Sign-In, this service will never be started.
130        -->
131        <service
131-->[com.google.android.gms:play-services-auth:20.0.1] AndroidManifest.xml:33:9-37:51
132            android:name="com.google.android.gms.auth.api.signin.RevocationBoundService"
132-->[com.google.android.gms:play-services-auth:20.0.1] AndroidManifest.xml:34:13-89
133            android:exported="true"
133-->[com.google.android.gms:play-services-auth:20.0.1] AndroidManifest.xml:35:13-36
134            android:permission="com.google.android.gms.auth.api.signin.permission.REVOCATION_NOTIFICATION"
134-->[com.google.android.gms:play-services-auth:20.0.1] AndroidManifest.xml:36:13-107
135            android:visibleToInstantApps="true" />
135-->[com.google.android.gms:play-services-auth:20.0.1] AndroidManifest.xml:37:13-48
136
137        <activity
137-->[com.google.android.gms:play-services-base:18.0.1] AndroidManifest.xml:20:9-22:45
138            android:name="com.google.android.gms.common.api.GoogleApiActivity"
138-->[com.google.android.gms:play-services-base:18.0.1] AndroidManifest.xml:20:19-85
139            android:exported="false"
139-->[com.google.android.gms:play-services-base:18.0.1] AndroidManifest.xml:22:19-43
140            android:theme="@android:style/Theme.Translucent.NoTitleBar" />
140-->[com.google.android.gms:play-services-base:18.0.1] AndroidManifest.xml:21:19-78
141
142        <meta-data
142-->[com.google.android.gms:play-services-basement:18.0.0] AndroidManifest.xml:21:9-23:69
143            android:name="com.google.android.gms.version"
143-->[com.google.android.gms:play-services-basement:18.0.0] AndroidManifest.xml:22:13-58
144            android:value="@integer/google_play_services_version" />
144-->[com.google.android.gms:play-services-basement:18.0.0] AndroidManifest.xml:23:13-66
145    </application>
146
147</manifest>